[debug] [2024-01-17T22:05:59.822Z] ----------------------------------------------------------------------
[debug] [2024-01-17T22:05:59.824Z] Command:       C:\Program Files\nodejs\node.exe C:\Users\giuse\AppData\Roaming\npm\node_modules\firebase-tools\lib\bin\firebase.js deploy --only functions:beforeCreate
[debug] [2024-01-17T22:05:59.824Z] CLI Version:   12.7.0
[debug] [2024-01-17T22:05:59.824Z] Platform:      win32
[debug] [2024-01-17T22:05:59.825Z] Node Version:  v20.9.0
[debug] [2024-01-17T22:05:59.825Z] Time:          Wed Jan 17 2024 19:05:59 GMT-0300 (Horário Padrão de Brasília)
[debug] [2024-01-17T22:05:59.825Z] ----------------------------------------------------------------------
[debug] 
[debug] [2024-01-17T22:05:59.877Z] > command requires scopes: ["email","openid","https://www.googleapis.com/auth/cloudplatformprojects.readonly","https://www.googleapis.com/auth/firebase","https://www.googleapis.com/auth/cloud-platform"]
[debug] [2024-01-17T22:05:59.877Z] > authorizing via signed-in user (giuseppelanna2000@gmail.com)
[debug] [2024-01-17T22:05:59.878Z] [iam] checking project kw-magic3t for permissions ["cloudfunctions.functions.create","cloudfunctions.functions.delete","cloudfunctions.functions.get","cloudfunctions.functions.list","cloudfunctions.functions.update","cloudfunctions.operations.get","firebase.projects.get"]
[debug] [2024-01-17T22:05:59.878Z] > refreshing access token with scopes: []
[debug] [2024-01-17T22:05:59.880Z] >>> [apiv2][query] POST https://www.googleapis.com/oauth2/v3/token [none]
[debug] [2024-01-17T22:05:59.880Z] >>> [apiv2][body] POST https://www.googleapis.com/oauth2/v3/token [omitted]
[debug] [2024-01-17T22:06:00.097Z] <<< [apiv2][status] POST https://www.googleapis.com/oauth2/v3/token 200
[debug] [2024-01-17T22:06:00.097Z] <<< [apiv2][body] POST https://www.googleapis.com/oauth2/v3/token [omitted]
[debug] [2024-01-17T22:06:00.101Z] >>> [apiv2][query] POST https://cloudresourcemanager.googleapis.com/v1/projects/kw-magic3t:testIamPermissions [none]
[debug] [2024-01-17T22:06:00.101Z] >>> [apiv2][(partial)header] POST https://cloudresourcemanager.googleapis.com/v1/projects/kw-magic3t:testIamPermissions x-goog-quota-user=projects/kw-magic3t
[debug] [2024-01-17T22:06:00.101Z] >>> [apiv2][body] POST https://cloudresourcemanager.googleapis.com/v1/projects/kw-magic3t:testIamPermissions {"permissions":["cloudfunctions.functions.create","cloudfunctions.functions.delete","cloudfunctions.functions.get","cloudfunctions.functions.list","cloudfunctions.functions.update","cloudfunctions.operations.get","firebase.projects.get"]}
[debug] [2024-01-17T22:06:01.000Z] <<< [apiv2][status] POST https://cloudresourcemanager.googleapis.com/v1/projects/kw-magic3t:testIamPermissions 200
[debug] [2024-01-17T22:06:01.000Z] <<< [apiv2][body] POST https://cloudresourcemanager.googleapis.com/v1/projects/kw-magic3t:testIamPermissions {"permissions":["cloudfunctions.functions.create","cloudfunctions.functions.delete","cloudfunctions.functions.get","cloudfunctions.functions.list","cloudfunctions.functions.update","cloudfunctions.operations.get","firebase.projects.get"]}
[debug] [2024-01-17T22:06:01.001Z] >>> [apiv2][query] POST https://iam.googleapis.com/v1/projects/kw-magic3t/serviceAccounts/kw-magic3t@appspot.gserviceaccount.com:testIamPermissions [none]
[debug] [2024-01-17T22:06:01.001Z] >>> [apiv2][body] POST https://iam.googleapis.com/v1/projects/kw-magic3t/serviceAccounts/kw-magic3t@appspot.gserviceaccount.com:testIamPermissions {"permissions":["iam.serviceAccounts.actAs"]}
[debug] [2024-01-17T22:06:01.938Z] <<< [apiv2][status] POST https://iam.googleapis.com/v1/projects/kw-magic3t/serviceAccounts/kw-magic3t@appspot.gserviceaccount.com:testIamPermissions 200
[debug] [2024-01-17T22:06:01.939Z] <<< [apiv2][body] POST https://iam.googleapis.com/v1/projects/kw-magic3t/serviceAccounts/kw-magic3t@appspot.gserviceaccount.com:testIamPermissions {"permissions":["iam.serviceAccounts.actAs"]}
[info] 
[info] === Deploying to 'kw-magic3t'...
[info] 
[info] i  deploying functions 
[info] Running command: npm --prefix "$RESOURCE_DIR" run lint
[info] Running command: npm --prefix "$RESOURCE_DIR" run build
[info] +  functions: Finished running predeploy script. 
[debug] [2024-01-17T22:06:08.955Z] >>> [apiv2][query] GET https://firebase.googleapis.com/v1beta1/projects/kw-magic3t [none]
[debug] [2024-01-17T22:06:09.339Z] <<< [apiv2][status] GET https://firebase.googleapis.com/v1beta1/projects/kw-magic3t 200
[debug] [2024-01-17T22:06:09.339Z] <<< [apiv2][body] GET https://firebase.googleapis.com/v1beta1/projects/kw-magic3t {"projectId":"kw-magic3t","projectNumber":"586055179641","displayName":"Magic3T","name":"projects/kw-magic3t","resources":{"hostingSite":"kw-magic3t","storageBucket":"kw-magic3t.appspot.com","locationId":"southamerica-east1"},"state":"ACTIVE","etag":"1_85febc4f-3b4a-41f4-8052-1cafd56d2803"}
[info] i  functions: preparing codebase default for deployment 
[info] i  functions: ensuring required API cloudfunctions.googleapis.com is enabled... 
[info] i  functions: ensuring required API cloudbuild.googleapis.com is enabled... 
[info] i  artifactregistry: ensuring required API artifactregistry.googleapis.com is enabled... 
[debug] [2024-01-17T22:06:09.341Z] >>> [apiv2][query] GET https://serviceusage.googleapis.com/v1/projects/kw-magic3t/services/cloudfunctions.googleapis.com [none]
[debug] [2024-01-17T22:06:09.341Z] >>> [apiv2][(partial)header] GET https://serviceusage.googleapis.com/v1/projects/kw-magic3t/services/cloudfunctions.googleapis.com x-goog-quota-user=projects/kw-magic3t
[debug] [2024-01-17T22:06:09.342Z] >>> [apiv2][query] GET https://serviceusage.googleapis.com/v1/projects/kw-magic3t/services/runtimeconfig.googleapis.com [none]
[debug] [2024-01-17T22:06:09.342Z] >>> [apiv2][(partial)header] GET https://serviceusage.googleapis.com/v1/projects/kw-magic3t/services/runtimeconfig.googleapis.com x-goog-quota-user=projects/kw-magic3t
[debug] [2024-01-17T22:06:09.343Z] >>> [apiv2][query] GET https://serviceusage.googleapis.com/v1/projects/kw-magic3t/services/cloudbuild.googleapis.com [none]
[debug] [2024-01-17T22:06:09.343Z] >>> [apiv2][(partial)header] GET https://serviceusage.googleapis.com/v1/projects/kw-magic3t/services/cloudbuild.googleapis.com x-goog-quota-user=projects/kw-magic3t
[debug] [2024-01-17T22:06:09.343Z] >>> [apiv2][query] GET https://serviceusage.googleapis.com/v1/projects/kw-magic3t/services/artifactregistry.googleapis.com [none]
[debug] [2024-01-17T22:06:09.343Z] >>> [apiv2][(partial)header] GET https://serviceusage.googleapis.com/v1/projects/kw-magic3t/services/artifactregistry.googleapis.com x-goog-quota-user=projects/kw-magic3t
[debug] [2024-01-17T22:06:10.406Z] <<< [apiv2][status] GET https://serviceusage.googleapis.com/v1/projects/kw-magic3t/services/cloudbuild.googleapis.com 200
[debug] [2024-01-17T22:06:10.406Z] <<< [apiv2][body] GET https://serviceusage.googleapis.com/v1/projects/kw-magic3t/services/cloudbuild.googleapis.com [omitted]
[info] +  functions: required API cloudbuild.googleapis.com is enabled 
[debug] [2024-01-17T22:06:10.410Z] <<< [apiv2][status] GET https://serviceusage.googleapis.com/v1/projects/kw-magic3t/services/runtimeconfig.googleapis.com 200
[debug] [2024-01-17T22:06:10.411Z] <<< [apiv2][body] GET https://serviceusage.googleapis.com/v1/projects/kw-magic3t/services/runtimeconfig.googleapis.com [omitted]
[debug] [2024-01-17T22:06:10.415Z] <<< [apiv2][status] GET https://serviceusage.googleapis.com/v1/projects/kw-magic3t/services/artifactregistry.googleapis.com 200
[debug] [2024-01-17T22:06:10.415Z] <<< [apiv2][body] GET https://serviceusage.googleapis.com/v1/projects/kw-magic3t/services/artifactregistry.googleapis.com [omitted]
[info] +  artifactregistry: required API artifactregistry.googleapis.com is enabled 
[debug] [2024-01-17T22:06:10.436Z] <<< [apiv2][status] GET https://serviceusage.googleapis.com/v1/projects/kw-magic3t/services/cloudfunctions.googleapis.com 200
[debug] [2024-01-17T22:06:10.436Z] <<< [apiv2][body] GET https://serviceusage.googleapis.com/v1/projects/kw-magic3t/services/cloudfunctions.googleapis.com [omitted]
[info] +  functions: required API cloudfunctions.googleapis.com is enabled 
[debug] [2024-01-17T22:06:10.437Z] >>> [apiv2][query] GET https://firebase.googleapis.com/v1beta1/projects/kw-magic3t/adminSdkConfig [none]
[debug] [2024-01-17T22:06:11.345Z] <<< [apiv2][status] GET https://firebase.googleapis.com/v1beta1/projects/kw-magic3t/adminSdkConfig 200
[debug] [2024-01-17T22:06:11.345Z] <<< [apiv2][body] GET https://firebase.googleapis.com/v1beta1/projects/kw-magic3t/adminSdkConfig {"projectId":"kw-magic3t","storageBucket":"kw-magic3t.appspot.com","locationId":"southamerica-east1"}
[debug] [2024-01-17T22:06:11.346Z] >>> [apiv2][query] GET https://runtimeconfig.googleapis.com/v1beta1/projects/kw-magic3t/configs [none]
[debug] [2024-01-17T22:06:12.257Z] <<< [apiv2][status] GET https://runtimeconfig.googleapis.com/v1beta1/projects/kw-magic3t/configs 200
[debug] [2024-01-17T22:06:12.257Z] <<< [apiv2][body] GET https://runtimeconfig.googleapis.com/v1beta1/projects/kw-magic3t/configs {}
[debug] [2024-01-17T22:06:12.258Z] Validating nodejs source
[warn] !  functions: package.json indicates an outdated version of firebase-functions. Please upgrade using npm install --save firebase-functions@latest in your functions directory. 
[debug] [2024-01-17T22:06:13.198Z] > [functions] package.json contents: {
  "name": "functions",
  "scripts": {
    "lint": "eslint --ext .js,.ts .",
    "build": "tsc",
    "build:watch": "tsc --watch",
    "serve": "npm run build && firebase emulators:start --only functions",
    "shell": "npm run build && firebase functions:shell",
    "start": "npm run shell",
    "deploy": "firebase deploy --only functions",
    "logs": "firebase functions:log"
  },
  "engines": {
    "node": "18"
  },
  "main": "lib/index.js",
  "dependencies": {
    "firebase-admin": "^11.8.0",
    "firebase-functions": "^4.3.1"
  },
  "devDependencies": {
    "@typescript-eslint/eslint-plugin": "^5.12.0",
    "@typescript-eslint/parser": "^5.12.0",
    "eslint": "^8.9.0",
    "eslint-config-google": "^0.14.0",
    "eslint-config-prettier": "^9.0.0",
    "eslint-plugin-import": "^2.25.4",
    "eslint-plugin-prettier": "^5.0.1",
    "firebase-functions-test": "^3.1.0",
    "typescript": "^4.9.0"
  },
  "private": true
}
[debug] [2024-01-17T22:06:13.199Z] Building nodejs source
[info] i  functions: Loading and analyzing source code for codebase default to determine what to deploy 
[debug] [2024-01-17T22:06:13.199Z] Could not find functions.yaml. Must use http discovery
[debug] [2024-01-17T22:06:13.204Z] Found firebase-functions binary at 'C:\code\Pessoal\Magic3t-Firebase\Magic3t-Firebase\node_modules\.bin\firebase-functions'
[info] Serving at port 8014

[debug] [2024-01-17T22:06:13.682Z] Got response from /__/functions.yaml {"endpoints":{"distributeRatings":{"availableMemoryMb":null,"timeoutSeconds":null,"minInstances":null,"maxInstances":null,"ingressSettings":null,"concurrency":null,"serviceAccountEmail":null,"vpc":null,"platform":"gcfv2","labels":{},"httpsTrigger":{},"entryPoint":"distributeRatings"},"deleteHistory":{"availableMemoryMb":null,"timeoutSeconds":null,"minInstances":null,"maxInstances":null,"ingressSettings":null,"concurrency":null,"serviceAccountEmail":null,"vpc":null,"platform":"gcfv2","labels":{},"httpsTrigger":{},"entryPoint":"deleteHistory"},"resetRatings":{"availableMemoryMb":null,"timeoutSeconds":null,"minInstances":null,"maxInstances":null,"ingressSettings":null,"concurrency":null,"serviceAccountEmail":null,"vpc":null,"platform":"gcfv2","labels":{},"httpsTrigger":{},"entryPoint":"resetRatings"},"randomizeRatings":{"availableMemoryMb":null,"timeoutSeconds":null,"minInstances":null,"maxInstances":null,"ingressSettings":null,"concurrency":null,"serviceAccountEmail":null,"vpc":null,"platform":"gcfv2","labels":{},"httpsTrigger":{},"entryPoint":"randomizeRatings"},"beforeCreate":{"availableMemoryMb":null,"timeoutSeconds":null,"minInstances":null,"maxInstances":null,"ingressSettings":null,"concurrency":null,"serviceAccountEmail":null,"vpc":null,"platform":"gcfv2","labels":{},"blockingTrigger":{"eventType":"providers/cloud.auth/eventTypes/user.beforeCreate","options":{"accessToken":false,"idToken":false,"refreshToken":false}},"entryPoint":"beforeCreate"},"logSomething":{"availableMemoryMb":null,"timeoutSeconds":null,"minInstances":null,"maxInstances":null,"ingressSettings":null,"concurrency":null,"serviceAccountEmail":null,"vpc":null,"platform":"gcfv2","labels":{},"httpsTrigger":{},"entryPoint":"logSomething"},"beforeSignIn":{"availableMemoryMb":null,"timeoutSeconds":null,"minInstances":null,"maxInstances":null,"ingressSettings":null,"concurrency":null,"serviceAccountEmail":null,"vpc":null,"platform":"gcfv2","labels":{},"blockingTrigger":{"eventType":"providers/cloud.auth/eventTypes/user.beforeSignIn","options":{"accessToken":false,"idToken":false,"refreshToken":false}},"entryPoint":"beforeSignIn"},"onDeleteUser":{"platform":"gcfv1","availableMemoryMb":null,"timeoutSeconds":null,"minInstances":null,"maxInstances":null,"ingressSettings":null,"serviceAccountEmail":null,"vpc":null,"eventTrigger":{"eventType":"providers/firebase.auth/eventTypes/user.delete","eventFilters":{"resource":"projects/kw-magic3t"},"retry":false},"labels":{},"entryPoint":"onDeleteUser"}},"specVersion":"v1alpha1","requiredAPIs":[{"api":"identitytoolkit.googleapis.com","reason":"Needed for auth blocking functions"}]}
[info] shutdown requested via /__/quitquitquit

[info] i  functions: preparing . directory for uploading... 
[info] i  functions: packaged C:\code\Pessoal\Magic3t-Firebase\Magic3t-Firebase (201.55 KB) for uploading 
[info] i  functions: packaged C:\code\Pessoal\Magic3t-Firebase\Magic3t-Firebase (201.78 KB) for uploading 
[debug] [2024-01-17T22:06:18.889Z] >>> [apiv2][query] GET https://cloudfunctions.googleapis.com/v1/projects/kw-magic3t/locations/-/functions [none]
[debug] [2024-01-17T22:06:19.973Z] <<< [apiv2][status] GET https://cloudfunctions.googleapis.com/v1/projects/kw-magic3t/locations/-/functions 200
[debug] [2024-01-17T22:06:19.973Z] <<< [apiv2][body] GET https://cloudfunctions.googleapis.com/v1/projects/kw-magic3t/locations/-/functions {"functions":[{"name":"projects/kw-magic3t/locations/us-central1/functions/onDeleteUser","eventTrigger":{"eventType":"providers/firebase.auth/eventTypes/user.delete","resource":"projects/kw-magic3t","service":"firebaseauth.googleapis.com","failurePolicy":{}},"status":"ACTIVE","entryPoint":"onDeleteUser","timeout":"60s","availableMemoryMb":256,"serviceAccountEmail":"kw-magic3t@appspot.gserviceaccount.com","updateTime":"2024-01-16T23:55:53.139Z","versionId":"21","labels":{"deployment-tool":"cli-firebase","firebase-functions-hash":"9cd4bef83d4b313b4c8942e01bc4687cd82775f2"},"sourceUploadUrl":"https://storage.googleapis.com/uploads-845463774122.us-central1.cloudfunctions.appspot.com/d2d7a438-a8bd-4f58-9268-97ebc94f2475.zip","environmentVariables":{"FIREBASE_CONFIG":"{\"projectId\":\"kw-magic3t\",\"storageBucket\":\"kw-magic3t.appspot.com\",\"locationId\":\"southamerica-east1\"}","GCLOUD_PROJECT":"kw-magic3t","EVENTARC_CLOUD_EVENT_SOURCE":"projects/kw-magic3t/locations/us-central1/functions/onDeleteUser"},"runtime":"nodejs18","maxInstances":3000,"ingressSettings":"ALLOW_ALL","buildId":"fd8ff8a0-2c78-4a28-acaa-dc939da5da49","buildEnvironmentVariables":{"GOOGLE_NODE_RUN_SCRIPTS":""},"buildName":"projects/586055179641/locations/us-central1/builds/fd8ff8a0-2c78-4a28-acaa-dc939da5da49","dockerRegistry":"ARTIFACT_REGISTRY","automaticUpdatePolicy":{}}]}
[debug] [2024-01-17T22:06:19.974Z] >>> [apiv2][query] GET https://cloudfunctions.googleapis.com/v2/projects/kw-magic3t/locations/-/functions filter=environment%3D%22GEN_2%22
[debug] [2024-01-17T22:06:21.167Z] <<< [apiv2][status] GET https://cloudfunctions.googleapis.com/v2/projects/kw-magic3t/locations/-/functions 200
[debug] [2024-01-17T22:06:21.168Z] <<< [apiv2][body] GET https://cloudfunctions.googleapis.com/v2/projects/kw-magic3t/locations/-/functions {"functions":[{"name":"projects/kw-magic3t/locations/us-central1/functions/deleteHistory","buildConfig":{"build":"projects/586055179641/locations/us-central1/builds/f2beb7f3-87e2-4d38-8697-a9f35a1ea7ae","runtime":"nodejs18","entryPoint":"deleteHistory","source":{"storageSource":{"bucket":"gcf-v2-sources-586055179641-us-central1","object":"deleteHistory/function-source.zip","generation":"1705449352281352"}},"environmentVariables":{"GOOGLE_NODE_RUN_SCRIPTS":""},"sourceProvenance":{"resolvedStorageSource":{"bucket":"gcf-v2-sources-586055179641-us-central1","object":"deleteHistory/function-source.zip","generation":"1705449352281352"}},"dockerRegistry":"ARTIFACT_REGISTRY"},"serviceConfig":{"service":"projects/kw-magic3t/locations/us-central1/services/deletehistory","timeoutSeconds":60,"environmentVariables":{"FIREBASE_CONFIG":"{\"projectId\":\"kw-magic3t\",\"storageBucket\":\"kw-magic3t.appspot.com\",\"locationId\":\"southamerica-east1\"}","GCLOUD_PROJECT":"kw-magic3t","EVENTARC_CLOUD_EVENT_SOURCE":"projects/kw-magic3t/locations/us-central1/services/deleteHistory","FUNCTION_TARGET":"deleteHistory","FUNCTION_SIGNATURE_TYPE":"http"},"maxInstanceCount":100,"ingressSettings":"ALLOW_ALL","uri":"https://deletehistory-tj7t6bjpsq-uc.a.run.app","serviceAccountEmail":"586055179641-compute@developer.gserviceaccount.com","availableMemory":"256Mi","allTrafficOnLatestRevision":true,"revision":"deletehistory-00016-hav","maxInstanceRequestConcurrency":80,"availableCpu":"1"},"state":"ACTIVE","updateTime":"2024-01-16T23:55:58.042724693Z","labels":{"deployment-tool":"cli-firebase","firebase-functions-hash":"5f6cea05aa4e82a039c6842faa04900e7a574ed4"},"environment":"GEN_2","url":"https://us-central1-kw-magic3t.cloudfunctions.net/deleteHistory"},{"name":"projects/kw-magic3t/locations/us-central1/functions/beforeCreate","buildConfig":{"build":"projects/586055179641/locations/us-central1/builds/f2beb7f3-87e2-4d38-8697-a9f35a1ea7ae","runtime":"nodejs18","entryPoint":"beforeCreate","source":{"storageSource":{"bucket":"gcf-v2-sources-586055179641-us-central1","object":"beforeCreate/function-source.zip","generation":"1705449352366418"}},"environmentVariables":{"GOOGLE_NODE_RUN_SCRIPTS":""},"sourceProvenance":{"resolvedStorageSource":{"bucket":"gcf-v2-sources-586055179641-us-central1","object":"beforeCreate/function-source.zip","generation":"1705449352366418"}},"dockerRegistry":"ARTIFACT_REGISTRY"},"serviceConfig":{"service":"projects/kw-magic3t/locations/us-central1/services/beforecreate","timeoutSeconds":60,"environmentVariables":{"FIREBASE_CONFIG":"{\"projectId\":\"kw-magic3t\",\"storageBucket\":\"kw-magic3t.appspot.com\",\"locationId\":\"southamerica-east1\"}","GCLOUD_PROJECT":"kw-magic3t","EVENTARC_CLOUD_EVENT_SOURCE":"projects/kw-magic3t/locations/us-central1/services/beforeCreate","FUNCTION_TARGET":"beforeCreate","FUNCTION_SIGNATURE_TYPE":"http"},"maxInstanceCount":100,"ingressSettings":"ALLOW_ALL","uri":"https://beforecreate-tj7t6bjpsq-uc.a.run.app","serviceAccountEmail":"586055179641-compute@developer.gserviceaccount.com","availableMemory":"256Mi","allTrafficOnLatestRevision":true,"revision":"beforecreate-00023-yij","maxInstanceRequestConcurrency":80,"availableCpu":"1"},"state":"ACTIVE","updateTime":"2024-01-16T23:55:58.042188291Z","labels":{"deployment-tool":"cli-firebase","deployment-blocking":"before-create","firebase-functions-hash":"5f6cea05aa4e82a039c6842faa04900e7a574ed4"},"environment":"GEN_2","url":"https://us-central1-kw-magic3t.cloudfunctions.net/beforeCreate"},{"name":"projects/kw-magic3t/locations/us-central1/functions/logSomething","buildConfig":{"build":"projects/586055179641/locations/us-central1/builds/f2beb7f3-87e2-4d38-8697-a9f35a1ea7ae","runtime":"nodejs18","entryPoint":"logSomething","source":{"storageSource":{"bucket":"gcf-v2-sources-586055179641-us-central1","object":"logSomething/function-source.zip","generation":"1705449352341884"}},"environmentVariables":{"GOOGLE_NODE_RUN_SCRIPTS":""},"sourceProvenance":{"resolvedStorageSource":{"bucket":"gcf-v2-sources-586055179641-us-central1","object":"logSomething/function-source.zip","generation":"1705449352341884"}},"dockerRegistry":"ARTIFACT_REGISTRY"},"serviceConfig":{"service":"projects/kw-magic3t/locations/us-central1/services/logsomething","timeoutSeconds":60,"environmentVariables":{"FIREBASE_CONFIG":"{\"projectId\":\"kw-magic3t\",\"storageBucket\":\"kw-magic3t.appspot.com\",\"locationId\":\"southamerica-east1\"}","GCLOUD_PROJECT":"kw-magic3t","EVENTARC_CLOUD_EVENT_SOURCE":"projects/kw-magic3t/locations/us-central1/services/logSomething","FUNCTION_TARGET":"logSomething","FUNCTION_SIGNATURE_TYPE":"http"},"maxInstanceCount":100,"ingressSettings":"ALLOW_ALL","uri":"https://logsomething-tj7t6bjpsq-uc.a.run.app","serviceAccountEmail":"586055179641-compute@developer.gserviceaccount.com","availableMemory":"256Mi","allTrafficOnLatestRevision":true,"revision":"logsomething-00009-hub","maxInstanceRequestConcurrency":80,"availableCpu":"1"},"state":"ACTIVE","updateTime":"2024-01-16T23:55:57.680786571Z","labels":{"deployment-tool":"cli-firebase","firebase-functions-hash":"5f6cea05aa4e82a039c6842faa04900e7a574ed4"},"environment":"GEN_2","url":"https://us-central1-kw-magic3t.cloudfunctions.net/logSomething"},{"name":"projects/kw-magic3t/locations/us-central1/functions/distributeRatings","buildConfig":{"build":"projects/586055179641/locations/us-central1/builds/f2beb7f3-87e2-4d38-8697-a9f35a1ea7ae","runtime":"nodejs18","entryPoint":"distributeRatings","source":{"storageSource":{"bucket":"gcf-v2-sources-586055179641-us-central1","object":"distributeRatings/function-source.zip","generation":"1705449308402913"}},"environmentVariables":{"GOOGLE_NODE_RUN_SCRIPTS":""},"sourceProvenance":{"resolvedStorageSource":{"bucket":"gcf-v2-sources-586055179641-us-central1","object":"distributeRatings/function-source.zip","generation":"1705449308402913"}},"dockerRegistry":"ARTIFACT_REGISTRY"},"serviceConfig":{"service":"projects/kw-magic3t/locations/us-central1/services/distributeratings","timeoutSeconds":60,"environmentVariables":{"FIREBASE_CONFIG":"{\"projectId\":\"kw-magic3t\",\"storageBucket\":\"kw-magic3t.appspot.com\",\"locationId\":\"southamerica-east1\"}","GCLOUD_PROJECT":"kw-magic3t","EVENTARC_CLOUD_EVENT_SOURCE":"projects/kw-magic3t/locations/us-central1/services/distributeRatings","FUNCTION_TARGET":"distributeRatings","FUNCTION_SIGNATURE_TYPE":"http"},"maxInstanceCount":100,"ingressSettings":"ALLOW_ALL","uri":"https://distributeratings-tj7t6bjpsq-uc.a.run.app","serviceAccountEmail":"586055179641-compute@developer.gserviceaccount.com","availableMemory":"256Mi","allTrafficOnLatestRevision":true,"revision":"distributeratings-00016-cev","maxInstanceRequestConcurrency":80,"availableCpu":"1"},"state":"ACTIVE","updateTime":"2024-01-16T23:55:55.182519484Z","labels":{"deployment-tool":"cli-firebase","firebase-functions-hash":"5f6cea05aa4e82a039c6842faa04900e7a574ed4"},"environment":"GEN_2","url":"https://us-central1-kw-magic3t.cloudfunctions.net/distributeRatings"},{"name":"projects/kw-magic3t/locations/us-central1/functions/beforeSignIn","buildConfig":{"build":"projects/586055179641/locations/us-central1/builds/f2beb7f3-87e2-4d38-8697-a9f35a1ea7ae","runtime":"nodejs18","entryPoint":"beforeSignIn","source":{"storageSource":{"bucket":"gcf-v2-sources-586055179641-us-central1","object":"beforeSignIn/function-source.zip","generation":"1705449352311198"}},"environmentVariables":{"GOOGLE_NODE_RUN_SCRIPTS":""},"sourceProvenance":{"resolvedStorageSource":{"bucket":"gcf-v2-sources-586055179641-us-central1","object":"beforeSignIn/function-source.zip","generation":"1705449352311198"}},"dockerRegistry":"ARTIFACT_REGISTRY"},"serviceConfig":{"service":"projects/kw-magic3t/locations/us-central1/services/beforesignin","timeoutSeconds":60,"environmentVariables":{"FIREBASE_CONFIG":"{\"projectId\":\"kw-magic3t\",\"storageBucket\":\"kw-magic3t.appspot.com\",\"locationId\":\"southamerica-east1\"}","GCLOUD_PROJECT":"kw-magic3t","EVENTARC_CLOUD_EVENT_SOURCE":"projects/kw-magic3t/locations/us-central1/services/beforeSignIn","FUNCTION_TARGET":"beforeSignIn","FUNCTION_SIGNATURE_TYPE":"http"},"maxInstanceCount":100,"ingressSettings":"ALLOW_ALL","uri":"https://beforesignin-tj7t6bjpsq-uc.a.run.app","serviceAccountEmail":"586055179641-compute@developer.gserviceaccount.com","availableMemory":"256Mi","allTrafficOnLatestRevision":true,"revision":"beforesignin-00023-ven","maxInstanceRequestConcurrency":80,"availableCpu":"1"},"state":"ACTIVE","updateTime":"2024-01-16T23:55:57.663598457Z","labels":{"firebase-functions-hash":"5f6cea05aa4e82a039c6842faa04900e7a574ed4","deployment-tool":"cli-firebase","deployment-blocking":"before-sign-in"},"environment":"GEN_2","url":"https://us-central1-kw-magic3t.cloudfunctions.net/beforeSignIn"},{"name":"projects/kw-magic3t/locations/us-central1/functions/resetRatings","buildConfig":{"build":"projects/586055179641/locations/us-central1/builds/f2beb7f3-87e2-4d38-8697-a9f35a1ea7ae","runtime":"nodejs18","entryPoint":"resetRatings","source":{"storageSource":{"bucket":"gcf-v2-sources-586055179641-us-central1","object":"resetRatings/function-source.zip","generation":"1705449352289191"}},"environmentVariables":{"GOOGLE_NODE_RUN_SCRIPTS":""},"sourceProvenance":{"resolvedStorageSource":{"bucket":"gcf-v2-sources-586055179641-us-central1","object":"resetRatings/function-source.zip","generation":"1705449352289191"}},"dockerRegistry":"ARTIFACT_REGISTRY"},"serviceConfig":{"service":"projects/kw-magic3t/locations/us-central1/services/resetratings","timeoutSeconds":60,"environmentVariables":{"FIREBASE_CONFIG":"{\"projectId\":\"kw-magic3t\",\"storageBucket\":\"kw-magic3t.appspot.com\",\"locationId\":\"southamerica-east1\"}","GCLOUD_PROJECT":"kw-magic3t","EVENTARC_CLOUD_EVENT_SOURCE":"projects/kw-magic3t/locations/us-central1/services/resetRatings","FUNCTION_TARGET":"resetRatings","FUNCTION_SIGNATURE_TYPE":"http"},"maxInstanceCount":100,"ingressSettings":"ALLOW_ALL","uri":"https://resetratings-tj7t6bjpsq-uc.a.run.app","serviceAccountEmail":"586055179641-compute@developer.gserviceaccount.com","availableMemory":"256Mi","allTrafficOnLatestRevision":true,"revision":"resetratings-00019-baw","maxInstanceRequestConcurrency":80,"availableCpu":"1"},"state":"ACTIVE","updateTime":"2024-01-16T23:55:58.887572964Z","labels":{"deployment-tool":"cli-firebase","firebase-functions-hash":"5f6cea05aa4e82a039c6842faa04900e7a574ed4"},"environment":"GEN_2","url":"https://us-central1-kw-magic3t.cloudfunctions.net/resetRatings"},{"name":"projects/kw-magic3t/locations/us-central1/functions/randomizeRatings","buildConfig":{"build":"projects/586055179641/locations/us-central1/builds/f2beb7f3-87e2-4d38-8697-a9f35a1ea7ae","runtime":"nodejs18","entryPoint":"randomizeRatings","source":{"storageSource":{"bucket":"gcf-v2-sources-586055179641-us-central1","object":"randomizeRatings/function-source.zip","generation":"1705449352341691"}},"environmentVariables":{"GOOGLE_NODE_RUN_SCRIPTS":""},"sourceProvenance":{"resolvedStorageSource":{"bucket":"gcf-v2-sources-586055179641-us-central1","object":"randomizeRatings/function-source.zip","generation":"1705449352341691"}},"dockerRegistry":"ARTIFACT_REGISTRY"},"serviceConfig":{"service":"projects/kw-magic3t/locations/us-central1/services/randomizeratings","timeoutSeconds":60,"environmentVariables":{"FIREBASE_CONFIG":"{\"projectId\":\"kw-magic3t\",\"storageBucket\":\"kw-magic3t.appspot.com\",\"locationId\":\"southamerica-east1\"}","GCLOUD_PROJECT":"kw-magic3t","EVENTARC_CLOUD_EVENT_SOURCE":"projects/kw-magic3t/locations/us-central1/services/randomizeRatings","FUNCTION_TARGET":"randomizeRatings","FUNCTION_SIGNATURE_TYPE":"http"},"maxInstanceCount":100,"ingressSettings":"ALLOW_ALL","uri":"https://randomizeratings-tj7t6bjpsq-uc.a.run.app","serviceAccountEmail":"586055179641-compute@developer.gserviceaccount.com","availableMemory":"256Mi","allTrafficOnLatestRevision":true,"revision":"randomizeratings-00014-muy","maxInstanceRequestConcurrency":80,"availableCpu":"1"},"state":"ACTIVE","updateTime":"2024-01-16T23:55:57.780170237Z","labels":{"deployment-tool":"cli-firebase","firebase-functions-hash":"5f6cea05aa4e82a039c6842faa04900e7a574ed4"},"environment":"GEN_2","url":"https://us-central1-kw-magic3t.cloudfunctions.net/randomizeRatings"}]}
[info] i  functions: ensuring required API identitytoolkit.googleapis.com is enabled... 
[debug] [2024-01-17T22:06:21.170Z] >>> [apiv2][query] GET https://serviceusage.googleapis.com/v1/projects/kw-magic3t/services/identitytoolkit.googleapis.com [none]
[debug] [2024-01-17T22:06:21.170Z] >>> [apiv2][(partial)header] GET https://serviceusage.googleapis.com/v1/projects/kw-magic3t/services/identitytoolkit.googleapis.com x-goog-quota-user=projects/kw-magic3t
[debug] [2024-01-17T22:06:22.160Z] <<< [apiv2][status] GET https://serviceusage.googleapis.com/v1/projects/kw-magic3t/services/identitytoolkit.googleapis.com 200
[debug] [2024-01-17T22:06:22.161Z] <<< [apiv2][body] GET https://serviceusage.googleapis.com/v1/projects/kw-magic3t/services/identitytoolkit.googleapis.com [omitted]
[info] +  functions: required API identitytoolkit.googleapis.com is enabled 
[info] i  functions: ensuring required API run.googleapis.com is enabled... 
[info] i  functions: ensuring required API eventarc.googleapis.com is enabled... 
[info] i  functions: ensuring required API pubsub.googleapis.com is enabled... 
[info] i  functions: ensuring required API storage.googleapis.com is enabled... 
[debug] [2024-01-17T22:06:22.162Z] >>> [apiv2][query] GET https://serviceusage.googleapis.com/v1/projects/kw-magic3t/services/run.googleapis.com [none]
[debug] [2024-01-17T22:06:22.162Z] >>> [apiv2][(partial)header] GET https://serviceusage.googleapis.com/v1/projects/kw-magic3t/services/run.googleapis.com x-goog-quota-user=projects/kw-magic3t
[debug] [2024-01-17T22:06:22.162Z] >>> [apiv2][query] GET https://serviceusage.googleapis.com/v1/projects/kw-magic3t/services/eventarc.googleapis.com [none]
[debug] [2024-01-17T22:06:22.162Z] >>> [apiv2][(partial)header] GET https://serviceusage.googleapis.com/v1/projects/kw-magic3t/services/eventarc.googleapis.com x-goog-quota-user=projects/kw-magic3t
[debug] [2024-01-17T22:06:22.163Z] >>> [apiv2][query] GET https://serviceusage.googleapis.com/v1/projects/kw-magic3t/services/pubsub.googleapis.com [none]
[debug] [2024-01-17T22:06:22.163Z] >>> [apiv2][(partial)header] GET https://serviceusage.googleapis.com/v1/projects/kw-magic3t/services/pubsub.googleapis.com x-goog-quota-user=projects/kw-magic3t
[debug] [2024-01-17T22:06:22.164Z] >>> [apiv2][query] GET https://serviceusage.googleapis.com/v1/projects/kw-magic3t/services/storage.googleapis.com [none]
[debug] [2024-01-17T22:06:22.164Z] >>> [apiv2][(partial)header] GET https://serviceusage.googleapis.com/v1/projects/kw-magic3t/services/storage.googleapis.com x-goog-quota-user=projects/kw-magic3t
[debug] [2024-01-17T22:06:23.122Z] <<< [apiv2][status] GET https://serviceusage.googleapis.com/v1/projects/kw-magic3t/services/run.googleapis.com 200
[debug] [2024-01-17T22:06:23.122Z] <<< [apiv2][body] GET https://serviceusage.googleapis.com/v1/projects/kw-magic3t/services/run.googleapis.com [omitted]
[info] +  functions: required API run.googleapis.com is enabled 
[debug] [2024-01-17T22:06:23.141Z] <<< [apiv2][status] GET https://serviceusage.googleapis.com/v1/projects/kw-magic3t/services/eventarc.googleapis.com 200
[debug] [2024-01-17T22:06:23.141Z] <<< [apiv2][body] GET https://serviceusage.googleapis.com/v1/projects/kw-magic3t/services/eventarc.googleapis.com [omitted]
[info] +  functions: required API eventarc.googleapis.com is enabled 
[debug] [2024-01-17T22:06:23.148Z] <<< [apiv2][status] GET https://serviceusage.googleapis.com/v1/projects/kw-magic3t/services/pubsub.googleapis.com 200
[debug] [2024-01-17T22:06:23.148Z] <<< [apiv2][body] GET https://serviceusage.googleapis.com/v1/projects/kw-magic3t/services/pubsub.googleapis.com [omitted]
[info] +  functions: required API pubsub.googleapis.com is enabled 
[debug] [2024-01-17T22:06:23.189Z] <<< [apiv2][status] GET https://serviceusage.googleapis.com/v1/projects/kw-magic3t/services/storage.googleapis.com 200
[debug] [2024-01-17T22:06:23.189Z] <<< [apiv2][body] GET https://serviceusage.googleapis.com/v1/projects/kw-magic3t/services/storage.googleapis.com [omitted]
[info] +  functions: required API storage.googleapis.com is enabled 
[info] i  functions: generating the service identity for pubsub.googleapis.com... 
[info] i  functions: generating the service identity for eventarc.googleapis.com... 
[debug] [2024-01-17T22:06:23.190Z] >>> [apiv2][query] POST https://serviceusage.googleapis.com/v1beta1/projects/586055179641/services/pubsub.googleapis.com:generateServiceIdentity [none]
[debug] [2024-01-17T22:06:23.190Z] >>> [apiv2][query] POST https://serviceusage.googleapis.com/v1beta1/projects/586055179641/services/eventarc.googleapis.com:generateServiceIdentity [none]
[debug] [2024-01-17T22:06:23.726Z] <<< [apiv2][status] POST https://serviceusage.googleapis.com/v1beta1/projects/586055179641/services/eventarc.googleapis.com:generateServiceIdentity 200
[debug] [2024-01-17T22:06:23.726Z] <<< [apiv2][body] POST https://serviceusage.googleapis.com/v1beta1/projects/586055179641/services/eventarc.googleapis.com:generateServiceIdentity {"name":"operations/finished.DONE_OPERATION","done":true,"response":{"@type":"type.googleapis.com/google.api.serviceusage.v1beta1.ServiceIdentity","email":"service-586055179641@gcp-sa-eventarc.iam.gserviceaccount.com","uniqueId":"104244745299254643530"}}
[debug] [2024-01-17T22:06:24.291Z] <<< [apiv2][status] POST https://serviceusage.googleapis.com/v1beta1/projects/586055179641/services/pubsub.googleapis.com:generateServiceIdentity 200
[debug] [2024-01-17T22:06:24.291Z] <<< [apiv2][body] POST https://serviceusage.googleapis.com/v1beta1/projects/586055179641/services/pubsub.googleapis.com:generateServiceIdentity {"name":"operations/finished.DONE_OPERATION","done":true,"response":{"@type":"type.googleapis.com/google.api.serviceusage.v1beta1.ServiceIdentity","email":"service-586055179641@gcp-sa-pubsub.iam.gserviceaccount.com","uniqueId":"111765648898738701768"}}
[debug] [2024-01-17T22:06:24.292Z] >>> [apiv2][query] GET https://firebase.googleapis.com/v1beta1/projects/kw-magic3t [none]
[debug] [2024-01-17T22:06:24.643Z] <<< [apiv2][status] GET https://firebase.googleapis.com/v1beta1/projects/kw-magic3t 200
[debug] [2024-01-17T22:06:24.643Z] <<< [apiv2][body] GET https://firebase.googleapis.com/v1beta1/projects/kw-magic3t {"projectId":"kw-magic3t","projectNumber":"586055179641","displayName":"Magic3T","name":"projects/kw-magic3t","resources":{"hostingSite":"kw-magic3t","storageBucket":"kw-magic3t.appspot.com","locationId":"southamerica-east1"},"state":"ACTIVE","etag":"1_85febc4f-3b4a-41f4-8052-1cafd56d2803"}
[debug] [2024-01-17T22:06:24.644Z] >>> [apiv2][query] POST https://cloudfunctions.googleapis.com/v1/projects/kw-magic3t/locations/us-central1/functions:generateUploadUrl [none]
[debug] [2024-01-17T22:06:24.644Z] >>> [apiv2][body] POST https://cloudfunctions.googleapis.com/v1/projects/kw-magic3t/locations/us-central1/functions:generateUploadUrl {}
[debug] [2024-01-17T22:06:24.644Z] >>> [apiv2][query] POST https://cloudfunctions.googleapis.com/v2/projects/kw-magic3t/locations/us-central1/functions:generateUploadUrl [none]
[debug] [2024-01-17T22:06:25.571Z] <<< [apiv2][status] POST https://cloudfunctions.googleapis.com/v1/projects/kw-magic3t/locations/us-central1/functions:generateUploadUrl 200
[debug] [2024-01-17T22:06:25.571Z] <<< [apiv2][body] POST https://cloudfunctions.googleapis.com/v1/projects/kw-magic3t/locations/us-central1/functions:generateUploadUrl {"uploadUrl":"https://storage.googleapis.com/uploads-845463774122.us-central1.cloudfunctions.appspot.com/8abf9f76-54d4-480d-88f7-97f4636c225f.zip?GoogleAccessId=service-586055179641@gcf-admin-robot.iam.gserviceaccount.com&Expires=1705531103&Signature=QD7M1E1AZ9lmMfslaq4L8loV%2BD7S2onZ%2BoZF51ix5VqT%2BFU80ebAtWvq32BJ%2BdTBshjb3U%2Bujf7iB9XGpuhjcZKQGOsk1BQyz89PtP5iYi7wwWvyucxgckKAgbFjLEsffOEOo%2BLnfonA5OuW78c7%2B%2BjuB3yKGlP7UpYLWW2dVrM%2BMhnJLoXFj%2B0rFmtpu3uWGqoJ8b2vovZdLxHBdDKjmYpeOrCyj4ejWbYlurfPjp6K8cBj8x66ln0z8wH59JX5UT5dBTkgKDzW8b87olFYkW1eXb06pM9pg5lMIO1EOQROSOw37QLKISzSPDLnk9C6CsfeIfiQdF5H85UuZJamcg%3D%3D"}
[debug] [2024-01-17T22:06:25.572Z] >>> [apiv2][query] PUT https://storage.googleapis.com/uploads-845463774122.us-central1.cloudfunctions.appspot.com/8abf9f76-54d4-480d-88f7-97f4636c225f.zip GoogleAccessId=service-586055179641%40gcf-admin-robot.iam.gserviceaccount.com&Expires=1705531103&Signature=QD7M1E1AZ9lmMfslaq4L8loV%2BD7S2onZ%2BoZF51ix5VqT%2BFU80ebAtWvq32BJ%2BdTBshjb3U%2Bujf7iB9XGpuhjcZKQGOsk1BQyz89PtP5iYi7wwWvyucxgckKAgbFjLEsffOEOo%2BLnfonA5OuW78c7%2B%2BjuB3yKGlP7UpYLWW2dVrM%2BMhnJLoXFj%2B0rFmtpu3uWGqoJ8b2vovZdLxHBdDKjmYpeOrCyj4ejWbYlurfPjp6K8cBj8x66ln0z8wH59JX5UT5dBTkgKDzW8b87olFYkW1eXb06pM9pg5lMIO1EOQROSOw37QLKISzSPDLnk9C6CsfeIfiQdF5H85UuZJamcg%3D%3D
[debug] [2024-01-17T22:06:25.572Z] >>> [apiv2][body] PUT https://storage.googleapis.com/uploads-845463774122.us-central1.cloudfunctions.appspot.com/8abf9f76-54d4-480d-88f7-97f4636c225f.zip [stream]
[debug] [2024-01-17T22:06:25.671Z] <<< [apiv2][status] POST https://cloudfunctions.googleapis.com/v2/projects/kw-magic3t/locations/us-central1/functions:generateUploadUrl 200
[debug] [2024-01-17T22:06:25.671Z] <<< [apiv2][body] POST https://cloudfunctions.googleapis.com/v2/projects/kw-magic3t/locations/us-central1/functions:generateUploadUrl {"uploadUrl":"https://storage.googleapis.com/gcf-v2-uploads-586055179641-us-central1/baae8cf3-bdaf-4c48-9f79-bfcd6bbcae48.zip?GoogleAccessId=service-586055179641@gcf-admin-robot.iam.gserviceaccount.com&Expires=1705531103&Signature=XHZ1f2%2BqhIQwbxbfNMD7WnX7XneLerv5QIkEcidiOL5KO3ojXrTayoFX31gB2rX0sIJi0O9g6Y8Zu8bI8tmM2XeUv6%2BHWldfmHAc3Ms%2Fan%2FUM6bz62IvW%2Bvj9cp3UNuhsRPdJFJa1t05Q43mxFCQjhEoBj7TsaM1Wnk2toUf0Eds8TreGQg4Edwm3VFB6ax2RNBIovdT15Y3nqMh2JstJWfwiKFzCQiQTLgzrT3eMquS2mDHo61zU%2B5an%2B8cLOntFGGlg7%2B%2BVvR%2BDwLi6NhGmDFXsA7iTfIjNVscukDQgsAAgK2LZp55vaa6syCasodeBXQIv5XogWoXcE%2BdtHlqoA%3D%3D","storageSource":{"bucket":"gcf-v2-uploads-586055179641-us-central1","object":"baae8cf3-bdaf-4c48-9f79-bfcd6bbcae48.zip"}}
[debug] [2024-01-17T22:06:25.671Z] >>> [apiv2][query] PUT https://storage.googleapis.com/gcf-v2-uploads-586055179641-us-central1/baae8cf3-bdaf-4c48-9f79-bfcd6bbcae48.zip GoogleAccessId=service-586055179641%40gcf-admin-robot.iam.gserviceaccount.com&Expires=1705531103&Signature=XHZ1f2%2BqhIQwbxbfNMD7WnX7XneLerv5QIkEcidiOL5KO3ojXrTayoFX31gB2rX0sIJi0O9g6Y8Zu8bI8tmM2XeUv6%2BHWldfmHAc3Ms%2Fan%2FUM6bz62IvW%2Bvj9cp3UNuhsRPdJFJa1t05Q43mxFCQjhEoBj7TsaM1Wnk2toUf0Eds8TreGQg4Edwm3VFB6ax2RNBIovdT15Y3nqMh2JstJWfwiKFzCQiQTLgzrT3eMquS2mDHo61zU%2B5an%2B8cLOntFGGlg7%2B%2BVvR%2BDwLi6NhGmDFXsA7iTfIjNVscukDQgsAAgK2LZp55vaa6syCasodeBXQIv5XogWoXcE%2BdtHlqoA%3D%3D
[debug] [2024-01-17T22:06:25.671Z] >>> [apiv2][body] PUT https://storage.googleapis.com/gcf-v2-uploads-586055179641-us-central1/baae8cf3-bdaf-4c48-9f79-bfcd6bbcae48.zip [stream]
[debug] [2024-01-17T22:06:26.647Z] <<< [apiv2][status] PUT https://storage.googleapis.com/gcf-v2-uploads-586055179641-us-central1/baae8cf3-bdaf-4c48-9f79-bfcd6bbcae48.zip 200
[debug] [2024-01-17T22:06:26.647Z] <<< [apiv2][body] PUT https://storage.googleapis.com/gcf-v2-uploads-586055179641-us-central1/baae8cf3-bdaf-4c48-9f79-bfcd6bbcae48.zip [omitted]
[debug] [2024-01-17T22:06:27.194Z] <<< [apiv2][status] PUT https://storage.googleapis.com/uploads-845463774122.us-central1.cloudfunctions.appspot.com/8abf9f76-54d4-480d-88f7-97f4636c225f.zip 200
[debug] [2024-01-17T22:06:27.194Z] <<< [apiv2][body] PUT https://storage.googleapis.com/uploads-845463774122.us-central1.cloudfunctions.appspot.com/8abf9f76-54d4-480d-88f7-97f4636c225f.zip [omitted]
[info] +  functions: . folder uploaded successfully 
[info] i  functions: updating Node.js 18 (2nd Gen) function beforeCreate(us-central1)... 
[debug] [2024-01-17T22:06:27.197Z] >>> [apiv2][query] PATCH https://cloudfunctions.googleapis.com/v2/projects/kw-magic3t/locations/us-central1/functions/beforeCreate updateMask=name%2CbuildConfig.runtime%2CbuildConfig.entryPoint%2CbuildConfig.source.storageSource.bucket%2CbuildConfig.source.storageSource.object%2CbuildConfig.environmentVariables%2CbuildConfig.sourceToken%2CserviceConfig.environmentVariables%2CserviceConfig.ingressSettings%2CserviceConfig.timeoutSeconds%2CserviceConfig.serviceAccountEmail%2CserviceConfig.availableMemory%2CserviceConfig.minInstanceCount%2CserviceConfig.maxInstanceCount%2CserviceConfig.maxInstanceRequestConcurrency%2CserviceConfig.availableCpu%2CserviceConfig.vpcConnector%2CserviceConfig.vpcConnectorEgressSettings%2Clabels%2CbuildConfig.buildEnvironmentVariables
[debug] [2024-01-17T22:06:27.197Z] >>> [apiv2][body] PATCH https://cloudfunctions.googleapis.com/v2/projects/kw-magic3t/locations/us-central1/functions/beforeCreate {"name":"projects/kw-magic3t/locations/us-central1/functions/beforeCreate","buildConfig":{"runtime":"nodejs18","entryPoint":"beforeCreate","source":{"storageSource":{"bucket":"gcf-v2-uploads-586055179641-us-central1","object":"baae8cf3-bdaf-4c48-9f79-bfcd6bbcae48.zip"}},"environmentVariables":{"GOOGLE_NODE_RUN_SCRIPTS":""}},"serviceConfig":{"environmentVariables":{"FIREBASE_CONFIG":"{\"projectId\":\"kw-magic3t\",\"storageBucket\":\"kw-magic3t.appspot.com\",\"locationId\":\"southamerica-east1\"}","GCLOUD_PROJECT":"kw-magic3t","EVENTARC_CLOUD_EVENT_SOURCE":"projects/kw-magic3t/locations/us-central1/services/beforeCreate","FUNCTION_TARGET":"beforeCreate","FUNCTION_SIGNATURE_TYPE":"http"},"ingressSettings":null,"timeoutSeconds":null,"serviceAccountEmail":null,"availableMemory":"256Mi","minInstanceCount":null,"maxInstanceCount":null,"maxInstanceRequestConcurrency":80,"availableCpu":"1","vpcConnector":null,"vpcConnectorEgressSettings":null},"labels":{"deployment-tool":"cli-firebase","deployment-blocking":"before-create","firebase-functions-hash":"da0715756fd3e355ff5d2247d1206301c58f8d37"}}
[debug] [2024-01-17T22:06:29.026Z] <<< [apiv2][status] PATCH https://cloudfunctions.googleapis.com/v2/projects/kw-magic3t/locations/us-central1/functions/beforeCreate 200
[debug] [2024-01-17T22:06:29.026Z] <<< [apiv2][body] PATCH https://cloudfunctions.googleapis.com/v2/projects/kw-magic3t/locations/us-central1/functions/beforeCreate {"name":"projects/kw-magic3t/locations/us-central1/operations/operation-1705529305776-60f2b7c6cc2e7-08a52507-77b8f1d7","metadata":{"@type":"type.googleapis.com/google.cloud.functions.v2.OperationMetadata","createTime":"2024-01-17T22:08:26.731348272Z","target":"projects/kw-magic3t/locations/us-central1/functions/beforeCreate","verb":"update","cancelRequested":false,"apiVersion":"v2"},"done":false}
[debug] [2024-01-17T22:06:29.027Z] >>> [apiv2][query] GET https://cloudfunctions.googleapis.com/v2/projects/kw-magic3t/locations/us-central1/operations/operation-1705529305776-60f2b7c6cc2e7-08a52507-77b8f1d7 [none]
[debug] [2024-01-17T22:06:29.879Z] <<< [apiv2][status] GET https://cloudfunctions.googleapis.com/v2/projects/kw-magic3t/locations/us-central1/operations/operation-1705529305776-60f2b7c6cc2e7-08a52507-77b8f1d7 200
[debug] [2024-01-17T22:06:29.879Z] <<< [apiv2][body] GET https://cloudfunctions.googleapis.com/v2/projects/kw-magic3t/locations/us-central1/operations/operation-1705529305776-60f2b7c6cc2e7-08a52507-77b8f1d7 {"name":"projects/kw-magic3t/locations/us-central1/operations/operation-1705529305776-60f2b7c6cc2e7-08a52507-77b8f1d7","metadata":{"@type":"type.googleapis.com/google.cloud.functions.v2.OperationMetadata","createTime":"2024-01-17T22:08:26.731348272Z","target":"projects/kw-magic3t/locations/us-central1/functions/beforeCreate","verb":"update","cancelRequested":false,"apiVersion":"v2","requestResource":{"@type":"type.googleapis.com/google.cloud.functions.v2.Function","name":"projects/kw-magic3t/locations/us-central1/functions/beforeCreate","buildConfig":{"runtime":"nodejs18","entryPoint":"beforeCreate","source":{"storageSource":{"bucket":"gcf-v2-sources-586055179641-us-central1","object":"beforeCreate/function-source.zip","generation":"1705529306692490"}},"environmentVariables":{"GOOGLE_NODE_RUN_SCRIPTS":""},"sourceProvenance":{"resolvedStorageSource":{"bucket":"gcf-v2-sources-586055179641-us-central1","object":"beforeCreate/function-source.zip","generation":"1705449352366418"}},"dockerRegistry":"ARTIFACT_REGISTRY"},"serviceConfig":{"service":"projects/kw-magic3t/locations/us-central1/services/beforecreate","timeoutSeconds":60,"environmentVariables":{"FIREBASE_CONFIG":"{\"projectId\":\"kw-magic3t\",\"storageBucket\":\"kw-magic3t.appspot.com\",\"locationId\":\"southamerica-east1\"}","GCLOUD_PROJECT":"kw-magic3t","EVENTARC_CLOUD_EVENT_SOURCE":"projects/kw-magic3t/locations/us-central1/services/beforeCreate","FUNCTION_TARGET":"beforeCreate","FUNCTION_SIGNATURE_TYPE":"http"},"maxInstanceCount":100,"ingressSettings":"ALLOW_ALL","uri":"https://beforecreate-tj7t6bjpsq-uc.a.run.app","serviceAccountEmail":"586055179641-compute@developer.gserviceaccount.com","availableMemory":"256Mi","allTrafficOnLatestRevision":true,"revision":"beforecreate-00023-yij","maxInstanceRequestConcurrency":80,"availableCpu":"1"},"state":"ACTIVE","labels":{"deployment-tool":"cli-firebase","deployment-blocking":"before-create","firebase-functions-hash":"da0715756fd3e355ff5d2247d1206301c58f8d37"},"environment":"GEN_2","url":"https://us-central1-kw-magic3t.cloudfunctions.net/beforeCreate"},"stages":[{"name":"BUILD","message":"Creating build","state":"IN_PROGRESS","resource":"projects/586055179641/locations/us-central1/builds/3b9db80f-5760-4a9d-89d4-b79273dd8e8d","resourceUri":"https://console.cloud.google.com/cloud-build/builds;region=us-central1/3b9db80f-5760-4a9d-89d4-b79273dd8e8d?project=586055179641"},{"name":"SERVICE","state":"NOT_STARTED"}],"operationType":"UPDATE_FUNCTION"},"done":false}
[debug] [2024-01-17T22:06:30.381Z] [update-default-us-central1-beforeCreate] Retrying task index 0
[debug] [2024-01-17T22:06:30.381Z] >>> [apiv2][query] GET https://cloudfunctions.googleapis.com/v2/projects/kw-magic3t/locations/us-central1/operations/operation-1705529305776-60f2b7c6cc2e7-08a52507-77b8f1d7 [none]
[debug] [2024-01-17T22:06:31.243Z] <<< [apiv2][status] GET https://cloudfunctions.googleapis.com/v2/projects/kw-magic3t/locations/us-central1/operations/operation-1705529305776-60f2b7c6cc2e7-08a52507-77b8f1d7 200
[debug] [2024-01-17T22:06:31.243Z] <<< [apiv2][body] GET https://cloudfunctions.googleapis.com/v2/projects/kw-magic3t/locations/us-central1/operations/operation-1705529305776-60f2b7c6cc2e7-08a52507-77b8f1d7 {"name":"projects/kw-magic3t/locations/us-central1/operations/operation-1705529305776-60f2b7c6cc2e7-08a52507-77b8f1d7","metadata":{"@type":"type.googleapis.com/google.cloud.functions.v2.OperationMetadata","createTime":"2024-01-17T22:08:26.731348272Z","target":"projects/kw-magic3t/locations/us-central1/functions/beforeCreate","verb":"update","cancelRequested":false,"apiVersion":"v2","requestResource":{"@type":"type.googleapis.com/google.cloud.functions.v2.Function","name":"projects/kw-magic3t/locations/us-central1/functions/beforeCreate","buildConfig":{"runtime":"nodejs18","entryPoint":"beforeCreate","source":{"storageSource":{"bucket":"gcf-v2-sources-586055179641-us-central1","object":"beforeCreate/function-source.zip","generation":"1705529306692490"}},"environmentVariables":{"GOOGLE_NODE_RUN_SCRIPTS":""},"sourceProvenance":{"resolvedStorageSource":{"bucket":"gcf-v2-sources-586055179641-us-central1","object":"beforeCreate/function-source.zip","generation":"1705449352366418"}},"dockerRegistry":"ARTIFACT_REGISTRY"},"serviceConfig":{"service":"projects/kw-magic3t/locations/us-central1/services/beforecreate","timeoutSeconds":60,"environmentVariables":{"FIREBASE_CONFIG":"{\"projectId\":\"kw-magic3t\",\"storageBucket\":\"kw-magic3t.appspot.com\",\"locationId\":\"southamerica-east1\"}","GCLOUD_PROJECT":"kw-magic3t","EVENTARC_CLOUD_EVENT_SOURCE":"projects/kw-magic3t/locations/us-central1/services/beforeCreate","FUNCTION_TARGET":"beforeCreate","FUNCTION_SIGNATURE_TYPE":"http"},"maxInstanceCount":100,"ingressSettings":"ALLOW_ALL","uri":"https://beforecreate-tj7t6bjpsq-uc.a.run.app","serviceAccountEmail":"586055179641-compute@developer.gserviceaccount.com","availableMemory":"256Mi","allTrafficOnLatestRevision":true,"revision":"beforecreate-00023-yij","maxInstanceRequestConcurrency":80,"availableCpu":"1"},"state":"ACTIVE","labels":{"deployment-tool":"cli-firebase","deployment-blocking":"before-create","firebase-functions-hash":"da0715756fd3e355ff5d2247d1206301c58f8d37"},"environment":"GEN_2","url":"https://us-central1-kw-magic3t.cloudfunctions.net/beforeCreate"},"stages":[{"name":"BUILD","message":"Build in progress","state":"IN_PROGRESS","resource":"projects/586055179641/locations/us-central1/builds/3b9db80f-5760-4a9d-89d4-b79273dd8e8d","resourceUri":"https://console.cloud.google.com/cloud-build/builds;region=us-central1/3b9db80f-5760-4a9d-89d4-b79273dd8e8d?project=586055179641"},{"name":"SERVICE","state":"NOT_STARTED"}],"operationType":"UPDATE_FUNCTION"},"done":false}
[debug] [2024-01-17T22:06:32.257Z] [update-default-us-central1-beforeCreate] Retrying task index 0
[debug] [2024-01-17T22:06:32.258Z] >>> [apiv2][query] GET https://cloudfunctions.googleapis.com/v2/projects/kw-magic3t/locations/us-central1/operations/operation-1705529305776-60f2b7c6cc2e7-08a52507-77b8f1d7 [none]
[debug] [2024-01-17T22:06:33.107Z] <<< [apiv2][status] GET https://cloudfunctions.googleapis.com/v2/projects/kw-magic3t/locations/us-central1/operations/operation-1705529305776-60f2b7c6cc2e7-08a52507-77b8f1d7 200
[debug] [2024-01-17T22:06:33.107Z] <<< [apiv2][body] GET https://cloudfunctions.googleapis.com/v2/projects/kw-magic3t/locations/us-central1/operations/operation-1705529305776-60f2b7c6cc2e7-08a52507-77b8f1d7 {"name":"projects/kw-magic3t/locations/us-central1/operations/operation-1705529305776-60f2b7c6cc2e7-08a52507-77b8f1d7","metadata":{"@type":"type.googleapis.com/google.cloud.functions.v2.OperationMetadata","createTime":"2024-01-17T22:08:26.731348272Z","target":"projects/kw-magic3t/locations/us-central1/functions/beforeCreate","verb":"update","cancelRequested":false,"apiVersion":"v2","requestResource":{"@type":"type.googleapis.com/google.cloud.functions.v2.Function","name":"projects/kw-magic3t/locations/us-central1/functions/beforeCreate","buildConfig":{"runtime":"nodejs18","entryPoint":"beforeCreate","source":{"storageSource":{"bucket":"gcf-v2-sources-586055179641-us-central1","object":"beforeCreate/function-source.zip","generation":"1705529306692490"}},"environmentVariables":{"GOOGLE_NODE_RUN_SCRIPTS":""},"sourceProvenance":{"resolvedStorageSource":{"bucket":"gcf-v2-sources-586055179641-us-central1","object":"beforeCreate/function-source.zip","generation":"1705449352366418"}},"dockerRegistry":"ARTIFACT_REGISTRY"},"serviceConfig":{"service":"projects/kw-magic3t/locations/us-central1/services/beforecreate","timeoutSeconds":60,"environmentVariables":{"FIREBASE_CONFIG":"{\"projectId\":\"kw-magic3t\",\"storageBucket\":\"kw-magic3t.appspot.com\",\"locationId\":\"southamerica-east1\"}","GCLOUD_PROJECT":"kw-magic3t","EVENTARC_CLOUD_EVENT_SOURCE":"projects/kw-magic3t/locations/us-central1/services/beforeCreate","FUNCTION_TARGET":"beforeCreate","FUNCTION_SIGNATURE_TYPE":"http"},"maxInstanceCount":100,"ingressSettings":"ALLOW_ALL","uri":"https://beforecreate-tj7t6bjpsq-uc.a.run.app","serviceAccountEmail":"586055179641-compute@developer.gserviceaccount.com","availableMemory":"256Mi","allTrafficOnLatestRevision":true,"revision":"beforecreate-00023-yij","maxInstanceRequestConcurrency":80,"availableCpu":"1"},"state":"ACTIVE","labels":{"deployment-tool":"cli-firebase","deployment-blocking":"before-create","firebase-functions-hash":"da0715756fd3e355ff5d2247d1206301c58f8d37"},"environment":"GEN_2","url":"https://us-central1-kw-magic3t.cloudfunctions.net/beforeCreate"},"stages":[{"name":"BUILD","message":"Build in progress","state":"IN_PROGRESS","resource":"projects/586055179641/locations/us-central1/builds/3b9db80f-5760-4a9d-89d4-b79273dd8e8d","resourceUri":"https://console.cloud.google.com/cloud-build/builds;region=us-central1/3b9db80f-5760-4a9d-89d4-b79273dd8e8d?project=586055179641"},{"name":"SERVICE","state":"NOT_STARTED"}],"operationType":"UPDATE_FUNCTION"},"done":false}
[debug] [2024-01-17T22:06:35.108Z] [update-default-us-central1-beforeCreate] Retrying task index 0
[debug] [2024-01-17T22:06:35.108Z] >>> [apiv2][query] GET https://cloudfunctions.googleapis.com/v2/projects/kw-magic3t/locations/us-central1/operations/operation-1705529305776-60f2b7c6cc2e7-08a52507-77b8f1d7 [none]
[debug] [2024-01-17T22:06:35.964Z] <<< [apiv2][status] GET https://cloudfunctions.googleapis.com/v2/projects/kw-magic3t/locations/us-central1/operations/operation-1705529305776-60f2b7c6cc2e7-08a52507-77b8f1d7 200
[debug] [2024-01-17T22:06:35.964Z] <<< [apiv2][body] GET https://cloudfunctions.googleapis.com/v2/projects/kw-magic3t/locations/us-central1/operations/operation-1705529305776-60f2b7c6cc2e7-08a52507-77b8f1d7 {"name":"projects/kw-magic3t/locations/us-central1/operations/operation-1705529305776-60f2b7c6cc2e7-08a52507-77b8f1d7","metadata":{"@type":"type.googleapis.com/google.cloud.functions.v2.OperationMetadata","createTime":"2024-01-17T22:08:26.731348272Z","target":"projects/kw-magic3t/locations/us-central1/functions/beforeCreate","verb":"update","cancelRequested":false,"apiVersion":"v2","requestResource":{"@type":"type.googleapis.com/google.cloud.functions.v2.Function","name":"projects/kw-magic3t/locations/us-central1/functions/beforeCreate","buildConfig":{"runtime":"nodejs18","entryPoint":"beforeCreate","source":{"storageSource":{"bucket":"gcf-v2-sources-586055179641-us-central1","object":"beforeCreate/function-source.zip","generation":"1705529306692490"}},"environmentVariables":{"GOOGLE_NODE_RUN_SCRIPTS":""},"sourceProvenance":{"resolvedStorageSource":{"bucket":"gcf-v2-sources-586055179641-us-central1","object":"beforeCreate/function-source.zip","generation":"1705449352366418"}},"dockerRegistry":"ARTIFACT_REGISTRY"},"serviceConfig":{"service":"projects/kw-magic3t/locations/us-central1/services/beforecreate","timeoutSeconds":60,"environmentVariables":{"FIREBASE_CONFIG":"{\"projectId\":\"kw-magic3t\",\"storageBucket\":\"kw-magic3t.appspot.com\",\"locationId\":\"southamerica-east1\"}","GCLOUD_PROJECT":"kw-magic3t","EVENTARC_CLOUD_EVENT_SOURCE":"projects/kw-magic3t/locations/us-central1/services/beforeCreate","FUNCTION_TARGET":"beforeCreate","FUNCTION_SIGNATURE_TYPE":"http"},"maxInstanceCount":100,"ingressSettings":"ALLOW_ALL","uri":"https://beforecreate-tj7t6bjpsq-uc.a.run.app","serviceAccountEmail":"586055179641-compute@developer.gserviceaccount.com","availableMemory":"256Mi","allTrafficOnLatestRevision":true,"revision":"beforecreate-00023-yij","maxInstanceRequestConcurrency":80,"availableCpu":"1"},"state":"ACTIVE","labels":{"deployment-tool":"cli-firebase","deployment-blocking":"before-create","firebase-functions-hash":"da0715756fd3e355ff5d2247d1206301c58f8d37"},"environment":"GEN_2","url":"https://us-central1-kw-magic3t.cloudfunctions.net/beforeCreate"},"stages":[{"name":"BUILD","message":"Build in progress","state":"IN_PROGRESS","resource":"projects/586055179641/locations/us-central1/builds/3b9db80f-5760-4a9d-89d4-b79273dd8e8d","resourceUri":"https://console.cloud.google.com/cloud-build/builds;region=us-central1/3b9db80f-5760-4a9d-89d4-b79273dd8e8d?project=586055179641"},{"name":"SERVICE","state":"NOT_STARTED"}],"operationType":"UPDATE_FUNCTION"},"done":false}
[debug] [2024-01-17T22:06:39.979Z] [update-default-us-central1-beforeCreate] Retrying task index 0
[debug] [2024-01-17T22:06:39.979Z] >>> [apiv2][query] GET https://cloudfunctions.googleapis.com/v2/projects/kw-magic3t/locations/us-central1/operations/operation-1705529305776-60f2b7c6cc2e7-08a52507-77b8f1d7 [none]
[debug] [2024-01-17T22:06:40.836Z] <<< [apiv2][status] GET https://cloudfunctions.googleapis.com/v2/projects/kw-magic3t/locations/us-central1/operations/operation-1705529305776-60f2b7c6cc2e7-08a52507-77b8f1d7 200
[debug] [2024-01-17T22:06:40.836Z] <<< [apiv2][body] GET https://cloudfunctions.googleapis.com/v2/projects/kw-magic3t/locations/us-central1/operations/operation-1705529305776-60f2b7c6cc2e7-08a52507-77b8f1d7 {"name":"projects/kw-magic3t/locations/us-central1/operations/operation-1705529305776-60f2b7c6cc2e7-08a52507-77b8f1d7","metadata":{"@type":"type.googleapis.com/google.cloud.functions.v2.OperationMetadata","createTime":"2024-01-17T22:08:26.731348272Z","target":"projects/kw-magic3t/locations/us-central1/functions/beforeCreate","verb":"update","cancelRequested":false,"apiVersion":"v2","requestResource":{"@type":"type.googleapis.com/google.cloud.functions.v2.Function","name":"projects/kw-magic3t/locations/us-central1/functions/beforeCreate","buildConfig":{"runtime":"nodejs18","entryPoint":"beforeCreate","source":{"storageSource":{"bucket":"gcf-v2-sources-586055179641-us-central1","object":"beforeCreate/function-source.zip","generation":"1705529306692490"}},"environmentVariables":{"GOOGLE_NODE_RUN_SCRIPTS":""},"sourceProvenance":{"resolvedStorageSource":{"bucket":"gcf-v2-sources-586055179641-us-central1","object":"beforeCreate/function-source.zip","generation":"1705449352366418"}},"dockerRegistry":"ARTIFACT_REGISTRY"},"serviceConfig":{"service":"projects/kw-magic3t/locations/us-central1/services/beforecreate","timeoutSeconds":60,"environmentVariables":{"FIREBASE_CONFIG":"{\"projectId\":\"kw-magic3t\",\"storageBucket\":\"kw-magic3t.appspot.com\",\"locationId\":\"southamerica-east1\"}","GCLOUD_PROJECT":"kw-magic3t","EVENTARC_CLOUD_EVENT_SOURCE":"projects/kw-magic3t/locations/us-central1/services/beforeCreate","FUNCTION_TARGET":"beforeCreate","FUNCTION_SIGNATURE_TYPE":"http"},"maxInstanceCount":100,"ingressSettings":"ALLOW_ALL","uri":"https://beforecreate-tj7t6bjpsq-uc.a.run.app","serviceAccountEmail":"586055179641-compute@developer.gserviceaccount.com","availableMemory":"256Mi","allTrafficOnLatestRevision":true,"revision":"beforecreate-00023-yij","maxInstanceRequestConcurrency":80,"availableCpu":"1"},"state":"ACTIVE","labels":{"deployment-tool":"cli-firebase","deployment-blocking":"before-create","firebase-functions-hash":"da0715756fd3e355ff5d2247d1206301c58f8d37"},"environment":"GEN_2","url":"https://us-central1-kw-magic3t.cloudfunctions.net/beforeCreate"},"stages":[{"name":"BUILD","message":"Build in progress","state":"IN_PROGRESS","resource":"projects/586055179641/locations/us-central1/builds/3b9db80f-5760-4a9d-89d4-b79273dd8e8d","resourceUri":"https://console.cloud.google.com/cloud-build/builds;region=us-central1/3b9db80f-5760-4a9d-89d4-b79273dd8e8d?project=586055179641"},{"name":"SERVICE","state":"NOT_STARTED"}],"operationType":"UPDATE_FUNCTION"},"done":false}
[debug] [2024-01-17T22:06:48.838Z] [update-default-us-central1-beforeCreate] Retrying task index 0
[debug] [2024-01-17T22:06:48.839Z] >>> [apiv2][query] GET https://cloudfunctions.googleapis.com/v2/projects/kw-magic3t/locations/us-central1/operations/operation-1705529305776-60f2b7c6cc2e7-08a52507-77b8f1d7 [none]
[debug] [2024-01-17T22:06:49.755Z] <<< [apiv2][status] GET https://cloudfunctions.googleapis.com/v2/projects/kw-magic3t/locations/us-central1/operations/operation-1705529305776-60f2b7c6cc2e7-08a52507-77b8f1d7 200
[debug] [2024-01-17T22:06:49.755Z] <<< [apiv2][body] GET https://cloudfunctions.googleapis.com/v2/projects/kw-magic3t/locations/us-central1/operations/operation-1705529305776-60f2b7c6cc2e7-08a52507-77b8f1d7 {"name":"projects/kw-magic3t/locations/us-central1/operations/operation-1705529305776-60f2b7c6cc2e7-08a52507-77b8f1d7","metadata":{"@type":"type.googleapis.com/google.cloud.functions.v2.OperationMetadata","createTime":"2024-01-17T22:08:26.731348272Z","target":"projects/kw-magic3t/locations/us-central1/functions/beforeCreate","verb":"update","cancelRequested":false,"apiVersion":"v2","requestResource":{"@type":"type.googleapis.com/google.cloud.functions.v2.Function","name":"projects/kw-magic3t/locations/us-central1/functions/beforeCreate","buildConfig":{"runtime":"nodejs18","entryPoint":"beforeCreate","source":{"storageSource":{"bucket":"gcf-v2-sources-586055179641-us-central1","object":"beforeCreate/function-source.zip","generation":"1705529306692490"}},"environmentVariables":{"GOOGLE_NODE_RUN_SCRIPTS":""},"sourceProvenance":{"resolvedStorageSource":{"bucket":"gcf-v2-sources-586055179641-us-central1","object":"beforeCreate/function-source.zip","generation":"1705449352366418"}},"dockerRegistry":"ARTIFACT_REGISTRY"},"serviceConfig":{"service":"projects/kw-magic3t/locations/us-central1/services/beforecreate","timeoutSeconds":60,"environmentVariables":{"FIREBASE_CONFIG":"{\"projectId\":\"kw-magic3t\",\"storageBucket\":\"kw-magic3t.appspot.com\",\"locationId\":\"southamerica-east1\"}","GCLOUD_PROJECT":"kw-magic3t","EVENTARC_CLOUD_EVENT_SOURCE":"projects/kw-magic3t/locations/us-central1/services/beforeCreate","FUNCTION_TARGET":"beforeCreate","FUNCTION_SIGNATURE_TYPE":"http"},"maxInstanceCount":100,"ingressSettings":"ALLOW_ALL","uri":"https://beforecreate-tj7t6bjpsq-uc.a.run.app","serviceAccountEmail":"586055179641-compute@developer.gserviceaccount.com","availableMemory":"256Mi","allTrafficOnLatestRevision":true,"revision":"beforecreate-00023-yij","maxInstanceRequestConcurrency":80,"availableCpu":"1"},"state":"ACTIVE","labels":{"deployment-tool":"cli-firebase","deployment-blocking":"before-create","firebase-functions-hash":"da0715756fd3e355ff5d2247d1206301c58f8d37"},"environment":"GEN_2","url":"https://us-central1-kw-magic3t.cloudfunctions.net/beforeCreate"},"stages":[{"name":"BUILD","message":"Build in progress","state":"IN_PROGRESS","resource":"projects/586055179641/locations/us-central1/builds/3b9db80f-5760-4a9d-89d4-b79273dd8e8d","resourceUri":"https://console.cloud.google.com/cloud-build/builds;region=us-central1/3b9db80f-5760-4a9d-89d4-b79273dd8e8d?project=586055179641"},{"name":"SERVICE","state":"NOT_STARTED"}],"operationType":"UPDATE_FUNCTION"},"done":false}
[debug] [2024-01-17T22:06:59.763Z] [update-default-us-central1-beforeCreate] Retrying task index 0
[debug] [2024-01-17T22:06:59.764Z] >>> [apiv2][query] GET https://cloudfunctions.googleapis.com/v2/projects/kw-magic3t/locations/us-central1/operations/operation-1705529305776-60f2b7c6cc2e7-08a52507-77b8f1d7 [none]
[debug] [2024-01-17T22:07:00.659Z] <<< [apiv2][status] GET https://cloudfunctions.googleapis.com/v2/projects/kw-magic3t/locations/us-central1/operations/operation-1705529305776-60f2b7c6cc2e7-08a52507-77b8f1d7 200
[debug] [2024-01-17T22:07:00.659Z] <<< [apiv2][body] GET https://cloudfunctions.googleapis.com/v2/projects/kw-magic3t/locations/us-central1/operations/operation-1705529305776-60f2b7c6cc2e7-08a52507-77b8f1d7 {"name":"projects/kw-magic3t/locations/us-central1/operations/operation-1705529305776-60f2b7c6cc2e7-08a52507-77b8f1d7","metadata":{"@type":"type.googleapis.com/google.cloud.functions.v2.OperationMetadata","createTime":"2024-01-17T22:08:26.731348272Z","target":"projects/kw-magic3t/locations/us-central1/functions/beforeCreate","verb":"update","cancelRequested":false,"apiVersion":"v2","requestResource":{"@type":"type.googleapis.com/google.cloud.functions.v2.Function","name":"projects/kw-magic3t/locations/us-central1/functions/beforeCreate","buildConfig":{"runtime":"nodejs18","entryPoint":"beforeCreate","source":{"storageSource":{"bucket":"gcf-v2-sources-586055179641-us-central1","object":"beforeCreate/function-source.zip","generation":"1705529306692490"}},"environmentVariables":{"GOOGLE_NODE_RUN_SCRIPTS":""},"sourceProvenance":{"resolvedStorageSource":{"bucket":"gcf-v2-sources-586055179641-us-central1","object":"beforeCreate/function-source.zip","generation":"1705449352366418"}},"dockerRegistry":"ARTIFACT_REGISTRY"},"serviceConfig":{"service":"projects/kw-magic3t/locations/us-central1/services/beforecreate","timeoutSeconds":60,"environmentVariables":{"FIREBASE_CONFIG":"{\"projectId\":\"kw-magic3t\",\"storageBucket\":\"kw-magic3t.appspot.com\",\"locationId\":\"southamerica-east1\"}","GCLOUD_PROJECT":"kw-magic3t","EVENTARC_CLOUD_EVENT_SOURCE":"projects/kw-magic3t/locations/us-central1/services/beforeCreate","FUNCTION_TARGET":"beforeCreate","FUNCTION_SIGNATURE_TYPE":"http"},"maxInstanceCount":100,"ingressSettings":"ALLOW_ALL","uri":"https://beforecreate-tj7t6bjpsq-uc.a.run.app","serviceAccountEmail":"586055179641-compute@developer.gserviceaccount.com","availableMemory":"256Mi","allTrafficOnLatestRevision":true,"revision":"beforecreate-00023-yij","maxInstanceRequestConcurrency":80,"availableCpu":"1"},"state":"ACTIVE","labels":{"deployment-tool":"cli-firebase","deployment-blocking":"before-create","firebase-functions-hash":"da0715756fd3e355ff5d2247d1206301c58f8d37"},"environment":"GEN_2","url":"https://us-central1-kw-magic3t.cloudfunctions.net/beforeCreate"},"stages":[{"name":"BUILD","message":"Build in progress","state":"IN_PROGRESS","resource":"projects/586055179641/locations/us-central1/builds/3b9db80f-5760-4a9d-89d4-b79273dd8e8d","resourceUri":"https://console.cloud.google.com/cloud-build/builds;region=us-central1/3b9db80f-5760-4a9d-89d4-b79273dd8e8d?project=586055179641"},{"name":"SERVICE","state":"NOT_STARTED"}],"operationType":"UPDATE_FUNCTION"},"done":false}
[debug] [2024-01-17T22:07:10.666Z] [update-default-us-central1-beforeCreate] Retrying task index 0
[debug] [2024-01-17T22:07:10.666Z] >>> [apiv2][query] GET https://cloudfunctions.googleapis.com/v2/projects/kw-magic3t/locations/us-central1/operations/operation-1705529305776-60f2b7c6cc2e7-08a52507-77b8f1d7 [none]
[debug] [2024-01-17T22:07:11.568Z] <<< [apiv2][status] GET https://cloudfunctions.googleapis.com/v2/projects/kw-magic3t/locations/us-central1/operations/operation-1705529305776-60f2b7c6cc2e7-08a52507-77b8f1d7 200
[debug] [2024-01-17T22:07:11.568Z] <<< [apiv2][body] GET https://cloudfunctions.googleapis.com/v2/projects/kw-magic3t/locations/us-central1/operations/operation-1705529305776-60f2b7c6cc2e7-08a52507-77b8f1d7 {"name":"projects/kw-magic3t/locations/us-central1/operations/operation-1705529305776-60f2b7c6cc2e7-08a52507-77b8f1d7","metadata":{"@type":"type.googleapis.com/google.cloud.functions.v2.OperationMetadata","createTime":"2024-01-17T22:08:26.731348272Z","target":"projects/kw-magic3t/locations/us-central1/functions/beforeCreate","verb":"update","cancelRequested":false,"apiVersion":"v2","requestResource":{"@type":"type.googleapis.com/google.cloud.functions.v2.Function","name":"projects/kw-magic3t/locations/us-central1/functions/beforeCreate","buildConfig":{"runtime":"nodejs18","entryPoint":"beforeCreate","source":{"storageSource":{"bucket":"gcf-v2-sources-586055179641-us-central1","object":"beforeCreate/function-source.zip","generation":"1705529306692490"}},"environmentVariables":{"GOOGLE_NODE_RUN_SCRIPTS":""},"sourceProvenance":{"resolvedStorageSource":{"bucket":"gcf-v2-sources-586055179641-us-central1","object":"beforeCreate/function-source.zip","generation":"1705449352366418"}},"dockerRegistry":"ARTIFACT_REGISTRY"},"serviceConfig":{"service":"projects/kw-magic3t/locations/us-central1/services/beforecreate","timeoutSeconds":60,"environmentVariables":{"FIREBASE_CONFIG":"{\"projectId\":\"kw-magic3t\",\"storageBucket\":\"kw-magic3t.appspot.com\",\"locationId\":\"southamerica-east1\"}","GCLOUD_PROJECT":"kw-magic3t","EVENTARC_CLOUD_EVENT_SOURCE":"projects/kw-magic3t/locations/us-central1/services/beforeCreate","FUNCTION_TARGET":"beforeCreate","FUNCTION_SIGNATURE_TYPE":"http"},"maxInstanceCount":100,"ingressSettings":"ALLOW_ALL","uri":"https://beforecreate-tj7t6bjpsq-uc.a.run.app","serviceAccountEmail":"586055179641-compute@developer.gserviceaccount.com","availableMemory":"256Mi","allTrafficOnLatestRevision":true,"revision":"beforecreate-00023-yij","maxInstanceRequestConcurrency":80,"availableCpu":"1"},"state":"ACTIVE","labels":{"deployment-tool":"cli-firebase","deployment-blocking":"before-create","firebase-functions-hash":"da0715756fd3e355ff5d2247d1206301c58f8d37"},"environment":"GEN_2","url":"https://us-central1-kw-magic3t.cloudfunctions.net/beforeCreate"},"stages":[{"name":"BUILD","message":"Build in progress","state":"IN_PROGRESS","resource":"projects/586055179641/locations/us-central1/builds/3b9db80f-5760-4a9d-89d4-b79273dd8e8d","resourceUri":"https://console.cloud.google.com/cloud-build/builds;region=us-central1/3b9db80f-5760-4a9d-89d4-b79273dd8e8d?project=586055179641"},{"name":"SERVICE","state":"NOT_STARTED"}],"operationType":"UPDATE_FUNCTION"},"done":false}
